2025-10-15T08:30:06.682Z INFO SharedStateManager initialized
2025-10-15T08:30:06.684Z INFO Is remote: false
2025-10-15T08:30:06.685Z INFO Starting Local. Installation path: c:\Users\CHETAN
2025-10-15T08:30:06.686Z INFO [MainProvider] Creating new MainProvider instance...
2025-10-15T08:30:06.687Z INFO Installation path exists: c:\Users\CHETAN
2025-10-15T08:30:06.688Z INFO Initializing database with URL: file:c:\Users\CHETAN\pythagora-core\data\database\pythagora.db
2025-10-15T08:30:06.695Z INFO [c:\Users\CHETAN\.vscode\extensions\pythagoratechnologies.pythagora-vs-code-2.5.18] Project root:
2025-10-15T08:30:06.696Z INFO [c:\Users\CHETAN\.vscode\extensions\pythagoratechnologies.pythagora-vs-code-2.5.18\prisma\schema.prisma] Schema path:
2025-10-15T08:30:06.696Z INFO [file:c:\Users\CHETAN\pythagora-core\data\database\pythagora.db] Database URL:
2025-10-15T08:30:06.697Z INFO [true] Schema exists:
2025-10-15T08:30:06.698Z INFO Running prisma generate first...
2025-10-15T08:30:09.466Z INFO [Prisma schema loaded from prisma\schema.prisma

✔ Generated Prisma Client (6.17.1) to .\src\generated\prisma in 427ms

] Prisma generate result:
2025-10-15T08:30:09.467Z INFO Running prisma db push to sync schema...
2025-10-15T08:30:13.450Z INFO [Prisma schema loaded from prisma\schema.prisma
Datasource "db": SQLite database "pythagora.db" at "file:c:\Users\CHETAN\pythagora-core\data\database\pythagora.db"

The database is already in sync with the Prisma schema.

Running generate... (Use --skip-generate to skip the generators)
[2K[1A[2K[GRunning generate... - Prisma Client
[2K[1A[2K[G✔ Generated Prisma Client (6.17.1) to .\src\generated\prisma in 353ms

] Prisma db push result:
2025-10-15T08:30:13.451Z INFO Database initialized successfully
2025-10-15T08:30:13.452Z INFO [Migration] Checking for database migration...
2025-10-15T08:30:13.921Z INFO [Migration] No migration needed
2025-10-15T08:30:39.841Z INFO Closing entire Pythagora extension...
2025-10-15T08:30:39.845Z ERROR Error closing extension
Error: Canceled
Stack: Canceled: Canceled
    at new MR (file:///c:/Users/CHETAN/AppData/Local/Programs/Microsoft%20VS%20Code/resources/app/out/vs/workbench/api/node/extensionHostProcess.js:29:116391)
    at U4.U (file:///c:/Users/CHETAN/AppData/Local/Programs/Microsoft%20VS%20Code/resources/app/out/vs/workbench/api/node/extensionHostProcess.js:29:121001)
    at Proxy.s.<computed>.n.charCodeAt.s.<computed> (file:///c:/Users/CHETAN/AppData/Local/Programs/Microsoft%20VS%20Code/resources/app/out/vs/workbench/api/node/extensionHostProcess.js:29:118495)
    at iy.g (file:///c:/Users/CHETAN/AppData/Local/Programs/Microsoft%20VS%20Code/resources/app/out/vs/workbench/api/node/extensionHostProcess.js:114:41101)
    at iy.executeCommand (file:///c:/Users/CHETAN/AppData/Local/Programs/Microsoft%20VS%20Code/resources/app/out/vs/workbench/api/node/extensionHostProcess.js:114:40605)
    at Object.executeCommand (file:///c:/Users/CHETAN/AppData/Local/Programs/Microsoft%20VS%20Code/resources/app/out/vs/workbench/api/node/extensionHostProcess.js:201:105071)
    at closeEntirePythagoraExtension (c:\Users\CHETAN\.vscode\extensions\pythagoratechnologies.pythagora-vs-code-2.5.18\out\extension.js:381:31)
    at Object.deactivate (c:\Users\CHETAN\.vscode\extensions\pythagoratechnologies.pythagora-vs-code-2.5.18\out\extension.js:291:15)
    at SZ.eb (file:///c:/Users/CHETAN/AppData/Local/Programs/Microsoft%20VS%20Code/resources/app/out/vs/workbench/api/node/extensionHostProcess.js:118:11797)
    at file:///c:/Users/CHETAN/AppData/Local/Programs/Microsoft%20VS%20Code/resources/app/out/vs/workbench/api/node/extensionHostProcess.js:118:9947
    at Array.map (<anonymous>)
    at SZ.$ (file:///c:/Users/CHETAN/AppData/Local/Programs/Microsoft%20VS%20Code/resources/app/out/vs/workbench/api/node/extensionHostProcess.js:118:9935)
    at SZ.terminate (file:///c:/Users/CHETAN/AppData/Local/Programs/Microsoft%20VS%20Code/resources/app/out/vs/workbench/api/node/extensionHostProcess.js:118:10178)
    at H3.terminate (file:///c:/Users/CHETAN/AppData/Local/Programs/Microsoft%20VS%20Code/resources/app/out/vs/workbench/api/node/extensionHostProcess.js:120:914)
    at Ss (file:///c:/Users/CHETAN/AppData/Local/Programs/Microsoft%20VS%20Code/resources/app/out/vs/workbench/api/node/extensionHostProcess.js:393:10409)
    at MessagePortMain.<anonymous> (file:///c:/Users/CHETAN/AppData/Local/Programs/Microsoft%20VS%20Code/resources/app/out/vs/workbench/api/node/extensionHostProcess.js:393:6948)
    at MessagePortMain.emit (node:events:519:28)
    at Object.MessagePortMain._internalPort.emit (node:electron/js2c/utility_init:2:2949)
Extra context: {
  "message": "Canceled"
}
